<?xml version="1.0" encoding="UTF-8"?>
<!-- Generated by org.testng.reporters.JUnitReportReporter -->
<testsuite hostname="Pritam-h17" failures="0" tests="1" name="com.YourCart.testcases.Search" time="4.206" errors="0" timestamp="2024-12-08T17:38:22 IST" skipped="0">
  <testcase classname="com.YourCart.testcases.Search" name="SearchValidProduct" time="4.206"/>
</testsuite> <!-- com.YourCart.testcases.Search -->
