<?xml version="1.0" encoding="UTF-8"?>
<!-- Generated by org.testng.reporters.JUnitReportReporter -->
<testsuite hostname="Pritam-h17" failures="0" tests="5" name="com.YourCart.testcases.Login" time="33.865" errors="0" timestamp="2024-12-11T09:41:38 IST" skipped="0">
  <testcase classname="com.YourCart.testcases.Login" name="LoginwithValidData" time="7.765"/>
  <testcase classname="com.YourCart.testcases.Login" name="LoginwithInValidData" time="6.552"/>
  <testcase classname="com.YourCart.testcases.Login" name="LoginwithInvalidEmail" time="6.725"/>
  <testcase classname="com.YourCart.testcases.Login" name="LoginwithInvalidPassword" time="6.625"/>
  <testcase classname="com.YourCart.testcases.Login" name="LoginWithEmptyFileds" time="6.198"/>
</testsuite> <!-- com.YourCart.testcases.Login -->
