<?xml version="1.0" encoding="UTF-8"?>
<!-- Generated by org.testng.reporters.JUnitReportReporter -->
<testsuite hostname="Pritam-h17" failures="0" tests="1" name="com.YourCart.testcases.Register" time="5.008" errors="0" timestamp="2024-12-07T12:07:50 IST" skipped="0">
  <testcase classname="com.YourCart.testcases.Register" name="verifyRegisterAccountByexitingemail" time="5.008"/>
</testsuite> <!-- com.YourCart.testcases.Register -->
