<?xml version="1.0" encoding="UTF-8"?>
<!-- Generated by org.testng.reporters.JUnitReportReporter -->
<testsuite hostname="Pritam-h17" failures="0" tests="2" name="com.YourCart.testcases.Login" time="18.292" errors="0" timestamp="2024-12-01T19:52:08 IST" skipped="0">
  <testcase classname="com.YourCart.testcases.Login" name="LoginwithInValidData" time="8.679"/>
  <testcase classname="com.YourCart.testcases.Login" name="LoginwithValidData" time="9.613"/>
</testsuite> <!-- com.YourCart.testcases.Login -->
