<?xml version="1.0" encoding="UTF-8"?>
<!-- Generated by org.testng.reporters.JUnitReportReporter -->
<testsuite hostname="Pritam-h17" failures="0" tests="1" name="com.YourCart.testcases.Register" time="5.551" errors="0" timestamp="2024-12-06T09:24:29 IST" skipped="0">
  <testcase classname="com.YourCart.testcases.Register" name="RegisterwithAllMandatoryFiled" time="5.551"/>
</testsuite> <!-- com.YourCart.testcases.Register -->
