<?xml version="1.0" encoding="UTF-8"?>
<!-- Generated by org.testng.reporters.JUnitReportReporter -->
<testsuite hostname="Pritam-h17" failures="0" tests="1" name="com.YourCart.testcases.Login" time="6.166" errors="0" timestamp="2024-12-14T09:22:08 IST" skipped="0">
  <testcase classname="com.YourCart.testcases.Login" name="LoginwithInvalidPassword" time="6.166"/>
</testsuite> <!-- com.YourCart.testcases.Login -->
