<?xml version="1.0" encoding="UTF-8"?>
<!-- Generated by org.testng.reporters.JUnitReportReporter -->
<testsuite hostname="Pritam-h17" failures="0" tests="5" name="com.YourCart.testcases.Login" time="34.289" errors="0" timestamp="2024-12-10T08:34:51 IST" skipped="0">
  <testcase classname="com.YourCart.testcases.Login" name="LoginwithValidData" time="7.933"/>
  <testcase classname="com.YourCart.testcases.Login" name="LoginwithInValidData" time="6.776"/>
  <testcase classname="com.YourCart.testcases.Login" name="LoginwithInvalidEmail" time="6.842"/>
  <testcase classname="com.YourCart.testcases.Login" name="LoginwithInvalidPassword" time="6.600"/>
  <testcase classname="com.YourCart.testcases.Login" name="LoginWithEmptyFileds" time="6.138"/>
</testsuite> <!-- com.YourCart.testcases.Login -->
