<?xml version="1.0" encoding="UTF-8"?>
<!-- Generated by org.testng.reporters.JUnitReportReporter -->
<testsuite hostname="Pritam-h17" failures="0" tests="2" name="com.YourCart.testcases.Search" time="5.955" errors="0" timestamp="2024-12-11T09:14:38 IST" skipped="0">
  <testcase classname="com.YourCart.testcases.Search" name="SearchValidProduct" time="3.453"/>
  <testcase classname="com.YourCart.testcases.Search" name="SearchInValidProduct" time="2.502"/>
</testsuite> <!-- com.YourCart.testcases.Search -->
