<?xml version="1.0" encoding="UTF-8"?>
<!-- Generated by org.testng.reporters.JUnitReportReporter -->
<testsuite hostname="Pritam-h17" failures="0" tests="1" name="com.YourCart.testcases.Register" time="3.705" errors="0" timestamp="2024-12-02T08:30:54 IST" skipped="0">
  <testcase classname="com.YourCart.testcases.Register" name="RegisterwithAllMandatoryFiled" time="3.705"/>
</testsuite> <!-- com.YourCart.testcases.Register -->
