<?xml version="1.0" encoding="UTF-8"?>
<!-- Generated by org.testng.reporters.JUnitReportReporter -->
<testsuite hostname="Pritam-h17" failures="0" tests="7" name="com.YourCart.testcases.Login" time="26.769" errors="0" timestamp="2025-01-05T11:43:18 IST" skipped="0">
  <testcase classname="com.YourCart.testcases.Login" name="LoginwithValidData" time="3.388"/>
  <testcase classname="com.YourCart.testcases.Login" name="LoginwithValidData" time="6.442"/>
  <testcase classname="com.YourCart.testcases.Login" name="LoginwithValidData" time="3.614"/>
  <testcase classname="com.YourCart.testcases.Login" name="LoginwithInValidData" time="3.688"/>
  <testcase classname="com.YourCart.testcases.Login" name="LoginwithInvalidEmail" time="3.489"/>
  <testcase classname="com.YourCart.testcases.Login" name="LoginwithInvalidPassword" time="3.276"/>
  <testcase classname="com.YourCart.testcases.Login" name="LoginWithEmptyFileds" time="2.872"/>
</testsuite> <!-- com.YourCart.testcases.Login -->
