<?xml version="1.0" encoding="UTF-8"?>
<!-- Generated by org.testng.reporters.JUnitReportReporter -->
<testsuite hostname="Pritam-h17" failures="0" tests="5" name="com.YourCart.testcases.Login" time="25.746" errors="0" timestamp="2024-12-07T19:47:46 IST" skipped="0">
  <testcase classname="com.YourCart.testcases.Login" name="LoginwithValidData" time="5.681"/>
  <testcase classname="com.YourCart.testcases.Login" name="LoginwithInValidData" time="4.726"/>
  <testcase classname="com.YourCart.testcases.Login" name="LoginwithInvalidEmail" time="3.588"/>
  <testcase classname="com.YourCart.testcases.Login" name="LoginwithInvalidPassword" time="4.605"/>
  <testcase classname="com.YourCart.testcases.Login" name="LoginWithEmptyFileds" time="7.146"/>
</testsuite> <!-- com.YourCart.testcases.Login -->
