<?xml version="1.0" encoding="UTF-8"?>
<!-- Generated by org.testng.reporters.JUnitReportReporter -->
<testsuite hostname="Pritam-h17" failures="0" tests="2" name="com.YourCart.testcases.Login" time="9.101" errors="0" timestamp="2024-12-01T22:53:28 IST" skipped="0">
  <testcase classname="com.YourCart.testcases.Login" name="LoginwithValidData" time="5.551"/>
  <testcase classname="com.YourCart.testcases.Login" name="LoginwithInValidData" time="3.550"/>
</testsuite> <!-- com.YourCart.testcases.Login -->
