<?xml version="1.0" encoding="UTF-8"?>
<!-- Generated by org.testng.reporters.JUnitReportReporter -->
<testsuite hostname="Pritam-h17" failures="0" tests="2" name="com.YourCart.testcases.Search" time="4.524" errors="0" timestamp="2025-01-05T11:43:18 IST" skipped="0">
  <testcase classname="com.YourCart.testcases.Search" name="SearchValidProduct" time="2.320"/>
  <testcase classname="com.YourCart.testcases.Search" name="SearchInValidProduct" time="2.204"/>
</testsuite> <!-- com.YourCart.testcases.Search -->
