<?xml version="1.0" encoding="UTF-8"?>
<!-- Generated by org.testng.reporters.JUnitReportReporter -->
<testsuite hostname="Pritam-h17" failures="0" tests="1" name="com.YourCart.testcases.Login" time="4.624" errors="0" timestamp="2024-12-01T09:24:41 IST" skipped="0">
  <testcase classname="com.YourCart.testcases.Login" name="LoginwithValidData" time="4.624"/>
</testsuite> <!-- com.YourCart.testcases.Login -->
