<?xml version="1.0" encoding="UTF-8"?>
<!-- Generated by org.testng.reporters.JUnitReportReporter -->
<testsuite hostname="Pritam-h17" failures="0" tests="2" name="com.YourCart.testcases.Search" time="5.861" errors="0" timestamp="2024-12-15T15:01:31 IST" skipped="0">
  <testcase classname="com.YourCart.testcases.Search" name="SearchValidProduct" time="2.514"/>
  <testcase classname="com.YourCart.testcases.Search" name="SearchInValidProduct" time="3.347"/>
</testsuite> <!-- com.YourCart.testcases.Search -->
