<?xml version="1.0" encoding="UTF-8"?>
<!-- Generated by org.testng.reporters.JUnitReportReporter -->
<testsuite hostname="Pritam-h17" failures="0" tests="5" name="com.YourCart.testcases.Login" time="67.472" errors="0" timestamp="2024-12-02T08:13:57 IST" skipped="0">
  <testcase classname="com.YourCart.testcases.Login" name="LoginwithValidData" time="38.651"/>
  <testcase classname="com.YourCart.testcases.Login" name="LoginwithInValidData" time="7.129"/>
  <testcase classname="com.YourCart.testcases.Login" name="LoginwithInvalidEmail" time="7.066"/>
  <testcase classname="com.YourCart.testcases.Login" name="LoginwithInvalidPassword" time="7.929"/>
  <testcase classname="com.YourCart.testcases.Login" name="LoginWithEmptyFileds" time="6.697"/>
</testsuite> <!-- com.YourCart.testcases.Login -->
