<?xml version="1.0" encoding="UTF-8"?>
<!-- Generated by org.testng.reporters.JUnitReportReporter -->
<testsuite hostname="Pritam-h17" failures="0" tests="3" name="com.YourCart.testcases.Register" time="10.972" errors="0" timestamp="2024-12-15T16:24:14 IST" skipped="0">
  <testcase classname="com.YourCart.testcases.Register" name="RegisterwithAllMandatoryFiled" time="4.144"/>
  <testcase classname="com.YourCart.testcases.Register" name="verifyRegisterAccountByProvidingAllfiled" time="3.036"/>
  <testcase classname="com.YourCart.testcases.Register" name="verifyRegisterAccountByexitingemail" time="3.792"/>
</testsuite> <!-- com.YourCart.testcases.Register -->
