<?xml version="1.0" encoding="UTF-8"?>
<!-- Generated by org.testng.reporters.JUnitReportReporter -->
<testsuite hostname="Pritam-h17" failures="0" tests="3" name="com.YourCart.testcases.Register" time="22.347" errors="0" timestamp="2024-12-11T09:41:38 IST" skipped="0">
  <testcase classname="com.YourCart.testcases.Register" name="RegisterwithAllMandatoryFiled" time="7.334"/>
  <testcase classname="com.YourCart.testcases.Register" name="verifyRegisterAccountByProvidingAllfiled" time="7.786"/>
  <testcase classname="com.YourCart.testcases.Register" name="verifyRegisterAccountByexitingemail" time="7.227"/>
</testsuite> <!-- com.YourCart.testcases.Register -->
