<?xml version="1.0" encoding="UTF-8"?>
<!-- Generated by org.testng.reporters.JUnitReportReporter -->
<testsuite hostname="Pritam-h17" failures="0" tests="3" name="com.YourCart.testcases.Register" time="12.496" errors="0" timestamp="2025-01-05T11:43:18 IST" skipped="0">
  <testcase classname="com.YourCart.testcases.Register" name="RegisterwithAllMandatoryFiled" time="4.152"/>
  <testcase classname="com.YourCart.testcases.Register" name="verifyRegisterAccountByProvidingAllfiled" time="4.114"/>
  <testcase classname="com.YourCart.testcases.Register" name="verifyRegisterAccountByexitingemail" time="4.230"/>
</testsuite> <!-- com.YourCart.testcases.Register -->
