<?xml version="1.0" encoding="UTF-8"?>
<!-- Generated by org.testng.reporters.JUnitReportReporter -->
<testsuite hostname="Pritam-h17" failures="0" tests="2" name="com.YourCart.testcases.Search" time="9.066" errors="0" timestamp="2024-12-14T08:56:03 IST" skipped="0">
  <testcase classname="com.YourCart.testcases.Search" name="SearchValidProduct" time="4.570"/>
  <testcase classname="com.YourCart.testcases.Search" name="SearchInValidProduct" time="4.496"/>
</testsuite> <!-- com.YourCart.testcases.Search -->
