<?xml version="1.0" encoding="UTF-8"?>
<!-- Generated by org.testng.reporters.JUnitReportReporter -->
<testsuite hostname="Pritam-h17" failures="0" tests="2" name="com.YourCart.testcases.Search" time="9.018" errors="0" timestamp="2024-12-11T09:41:38 IST" skipped="0">
  <testcase classname="com.YourCart.testcases.Search" name="SearchValidProduct" time="4.566"/>
  <testcase classname="com.YourCart.testcases.Search" name="SearchInValidProduct" time="4.452"/>
</testsuite> <!-- com.YourCart.testcases.Search -->
