<?xml version="1.0" encoding="UTF-8"?>
<!-- Generated by org.testng.reporters.JUnitReportReporter -->
<testsuite hostname="Pritam-h17" failures="0" tests="1" name="com.Yourcart.utilities.Utilities" time="0.055" errors="0" timestamp="2024-12-07T11:31:49 IST" skipped="0">
  <testcase classname="com.Yourcart.utilities.Utilities" name="GenearteEmailwithTimeStamp" time="0.055"/>
</testsuite> <!-- com.Yourcart.utilities.Utilities -->
